0000              1   ;--------------------------------------------------------
0000              2   ; File Created by C51
0000              3   ; Version 1.0.0 #1170 (Feb 16 2022) (MSVC)
0000              4   ; This file was generated Sun Mar 31 12:14:52 2024
0000              5   ;--------------------------------------------------------
                  5   $name All_timers
                  6   $optc51 --model-small
0000              8            R_DSEG    segment data
0000              9            R_CSEG    segment code
0000             10            R_BSEG    segment bit
0000             11            R_XSEG    segment xdata
0000             12            R_PSEG    segment xdata
0000             13            R_ISEG    segment idata
0000             14            R_OSEG    segment data overlay
0000             15            BIT_BANK  segment data overlay
0000             16            R_HOME    segment code
0000             17            R_GSINIT  segment code
0000             18            R_IXSEG   segment xdata
0000             19            R_CONST   segment code
0000             20            R_XINIT   segment code
0000             21            R_DINIT   segment code
0000             22   
0000             23   ;--------------------------------------------------------
0000             24   ; Public variables in this module
0000             25   ;--------------------------------------------------------
0000             26            public _main
0000             27            public _PCA_ISR
0000             28            public _Timer5_ISR
0000             29            public _Timer4_ISR
0000             30            public _Timer3_ISR
0000             31            public _Timer2_ISR
0000             32            public _Timer1_ISR
0000             33            public _Timer0_ISR
0000             34            public __c51_external_startup
0000             35   ;--------------------------------------------------------
0000             36   ; Special Function Registers
0000             37   ;--------------------------------------------------------
0000             38   _ACC            DATA 0xe0
0000             39   _ADC0ASAH       DATA 0xb6
0000             40   _ADC0ASAL       DATA 0xb5
0000             41   _ADC0ASCF       DATA 0xa1
0000             42   _ADC0ASCT       DATA 0xc7
0000             43   _ADC0CF0        DATA 0xbc
0000             44   _ADC0CF1        DATA 0xb9
0000             45   _ADC0CF2        DATA 0xdf
0000             46   _ADC0CN0        DATA 0xe8
0000             47   _ADC0CN1        DATA 0xb2
0000             48   _ADC0CN2        DATA 0xb3
0000             49   _ADC0GTH        DATA 0xc4
0000             50   _ADC0GTL        DATA 0xc3
0000             51   _ADC0H          DATA 0xbe
0000             52   _ADC0L          DATA 0xbd
0000             53   _ADC0LTH        DATA 0xc6
0000             54   _ADC0LTL        DATA 0xc5
0000             55   _ADC0MX         DATA 0xbb
0000             56   _B              DATA 0xf0
0000             57   _CKCON0         DATA 0x8e
0000             58   _CKCON1         DATA 0xa6
0000             59   _CLEN0          DATA 0xc6
0000             60   _CLIE0          DATA 0xc7
0000             61   _CLIF0          DATA 0xe8
0000             62   _CLKSEL         DATA 0xa9
0000             63   _CLOUT0         DATA 0xd1
0000             64   _CLU0CF         DATA 0xb1
0000             65   _CLU0FN         DATA 0xaf
0000             66   _CLU0MX         DATA 0x84
0000             67   _CLU1CF         DATA 0xb3
0000             68   _CLU1FN         DATA 0xb2
0000             69   _CLU1MX         DATA 0x85
0000             70   _CLU2CF         DATA 0xb6
0000             71   _CLU2FN         DATA 0xb5
0000             72   _CLU2MX         DATA 0x91
0000             73   _CLU3CF         DATA 0xbf
0000             74   _CLU3FN         DATA 0xbe
0000             75   _CLU3MX         DATA 0xae
0000             76   _CMP0CN0        DATA 0x9b
0000             77   _CMP0CN1        DATA 0x99
0000             78   _CMP0MD         DATA 0x9d
0000             79   _CMP0MX         DATA 0x9f
0000             80   _CMP1CN0        DATA 0xbf
0000             81   _CMP1CN1        DATA 0xac
0000             82   _CMP1MD         DATA 0xab
0000             83   _CMP1MX         DATA 0xaa
0000             84   _CRC0CN0        DATA 0xce
0000             85   _CRC0CN1        DATA 0x86
0000             86   _CRC0CNT        DATA 0xd3
0000             87   _CRC0DAT        DATA 0xcb
0000             88   _CRC0FLIP       DATA 0xcf
0000             89   _CRC0IN         DATA 0xca
0000             90   _CRC0ST         DATA 0xd2
0000             91   _DAC0CF0        DATA 0x91
0000             92   _DAC0CF1        DATA 0x92
0000             93   _DAC0H          DATA 0x85
0000             94   _DAC0L          DATA 0x84
0000             95   _DAC1CF0        DATA 0x93
0000             96   _DAC1CF1        DATA 0x94
0000             97   _DAC1H          DATA 0x8a
0000             98   _DAC1L          DATA 0x89
0000             99   _DAC2CF0        DATA 0x95
0000            100   _DAC2CF1        DATA 0x96
0000            101   _DAC2H          DATA 0x8c
0000            102   _DAC2L          DATA 0x8b
0000            103   _DAC3CF0        DATA 0x9a
0000            104   _DAC3CF1        DATA 0x9c
0000            105   _DAC3H          DATA 0x8e
0000            106   _DAC3L          DATA 0x8d
0000            107   _DACGCF0        DATA 0x88
0000            108   _DACGCF1        DATA 0x98
0000            109   _DACGCF2        DATA 0xa2
0000            110   _DERIVID        DATA 0xad
0000            111   _DEVICEID       DATA 0xb5
0000            112   _DPH            DATA 0x83
0000            113   _DPL            DATA 0x82
0000            114   _EIE1           DATA 0xe6
0000            115   _EIE2           DATA 0xf3
0000            116   _EIP1           DATA 0xbb
0000            117   _EIP1H          DATA 0xee
0000            118   _EIP2           DATA 0xed
0000            119   _EIP2H          DATA 0xf6
0000            120   _EMI0CN         DATA 0xe7
0000            121   _FLKEY          DATA 0xb7
0000            122   _HFO0CAL        DATA 0xc7
0000            123   _HFO1CAL        DATA 0xd6
0000            124   _HFOCN          DATA 0xef
0000            125   _I2C0ADM        DATA 0xff
0000            126   _I2C0CN0        DATA 0xba
0000            127   _I2C0DIN        DATA 0xbc
0000            128   _I2C0DOUT       DATA 0xbb
0000            129   _I2C0FCN0       DATA 0xad
0000            130   _I2C0FCN1       DATA 0xab
0000            131   _I2C0FCT        DATA 0xf5
0000            132   _I2C0SLAD       DATA 0xbd
0000            133   _I2C0STAT       DATA 0xb9
0000            134   _IE             DATA 0xa8
0000            135   _IP             DATA 0xb8
0000            136   _IPH            DATA 0xf2
0000            137   _IT01CF         DATA 0xe4
0000            138   _LFO0CN         DATA 0xb1
0000            139   _P0             DATA 0x80
0000            140   _P0MASK         DATA 0xfe
0000            141   _P0MAT          DATA 0xfd
0000            142   _P0MDIN         DATA 0xf1
0000            143   _P0MDOUT        DATA 0xa4
0000            144   _P0SKIP         DATA 0xd4
0000            145   _P1             DATA 0x90
0000            146   _P1MASK         DATA 0xee
0000            147   _P1MAT          DATA 0xed
0000            148   _P1MDIN         DATA 0xf2
0000            149   _P1MDOUT        DATA 0xa5
0000            150   _P1SKIP         DATA 0xd5
0000            151   _P2             DATA 0xa0
0000            152   _P2MASK         DATA 0xfc
0000            153   _P2MAT          DATA 0xfb
0000            154   _P2MDIN         DATA 0xf3
0000            155   _P2MDOUT        DATA 0xa6
0000            156   _P2SKIP         DATA 0xcc
0000            157   _P3             DATA 0xb0
0000            158   _P3MDIN         DATA 0xf4
0000            159   _P3MDOUT        DATA 0x9c
0000            160   _PCA0CENT       DATA 0x9e
0000            161   _PCA0CLR        DATA 0x9c
0000            162   _PCA0CN0        DATA 0xd8
0000            163   _PCA0CPH0       DATA 0xfc
0000            164   _PCA0CPH1       DATA 0xea
0000            165   _PCA0CPH2       DATA 0xec
0000            166   _PCA0CPH3       DATA 0xf5
0000            167   _PCA0CPH4       DATA 0x85
0000            168   _PCA0CPH5       DATA 0xde
0000            169   _PCA0CPL0       DATA 0xfb
0000            170   _PCA0CPL1       DATA 0xe9
0000            171   _PCA0CPL2       DATA 0xeb
0000            172   _PCA0CPL3       DATA 0xf4
0000            173   _PCA0CPL4       DATA 0x84
0000            174   _PCA0CPL5       DATA 0xdd
0000            175   _PCA0CPM0       DATA 0xda
0000            176   _PCA0CPM1       DATA 0xdb
0000            177   _PCA0CPM2       DATA 0xdc
0000            178   _PCA0CPM3       DATA 0xae
0000            179   _PCA0CPM4       DATA 0xaf
0000            180   _PCA0CPM5       DATA 0xcc
0000            181   _PCA0H          DATA 0xfa
0000            182   _PCA0L          DATA 0xf9
0000            183   _PCA0MD         DATA 0xd9
0000            184   _PCA0POL        DATA 0x96
0000            185   _PCA0PWM        DATA 0xf7
0000            186   _PCON0          DATA 0x87
0000            187   _PCON1          DATA 0xcd
0000            188   _PFE0CN         DATA 0xc1
0000            189   _PRTDRV         DATA 0xf6
0000            190   _PSCTL          DATA 0x8f
0000            191   _PSTAT0         DATA 0xaa
0000            192   _PSW            DATA 0xd0
0000            193   _REF0CN         DATA 0xd1
0000            194   _REG0CN         DATA 0xc9
0000            195   _REVID          DATA 0xb6
0000            196   _RSTSRC         DATA 0xef
0000            197   _SBCON1         DATA 0x94
0000            198   _SBRLH1         DATA 0x96
0000            199   _SBRLL1         DATA 0x95
0000            200   _SBUF           DATA 0x99
0000            201   _SBUF0          DATA 0x99
0000            202   _SBUF1          DATA 0x92
0000            203   _SCON           DATA 0x98
0000            204   _SCON0          DATA 0x98
0000            205   _SCON1          DATA 0xc8
0000            206   _SFRPAGE        DATA 0xa7
0000            207   _SFRPGCN        DATA 0xbc
0000            208   _SFRSTACK       DATA 0xd7
0000            209   _SMB0ADM        DATA 0xd6
0000            210   _SMB0ADR        DATA 0xd7
0000            211   _SMB0CF         DATA 0xc1
0000            212   _SMB0CN0        DATA 0xc0
0000            213   _SMB0DAT        DATA 0xc2
0000            214   _SMB0FCN0       DATA 0xc3
0000            215   _SMB0FCN1       DATA 0xc4
0000            216   _SMB0FCT        DATA 0xef
0000            217   _SMB0RXLN       DATA 0xc5
0000            218   _SMB0TC         DATA 0xac
0000            219   _SMOD1          DATA 0x93
0000            220   _SP             DATA 0x81
0000            221   _SPI0CFG        DATA 0xa1
0000            222   _SPI0CKR        DATA 0xa2
0000            223   _SPI0CN0        DATA 0xf8
0000            224   _SPI0DAT        DATA 0xa3
0000            225   _SPI0FCN0       DATA 0x9a
0000            226   _SPI0FCN1       DATA 0x9b
0000            227   _SPI0FCT        DATA 0xf7
0000            228   _SPI0PCF        DATA 0xdf
0000            229   _TCON           DATA 0x88
0000            230   _TH0            DATA 0x8c
0000            231   _TH1            DATA 0x8d
0000            232   _TL0            DATA 0x8a
0000            233   _TL1            DATA 0x8b
0000            234   _TMOD           DATA 0x89
0000            235   _TMR2CN0        DATA 0xc8
0000            236   _TMR2CN1        DATA 0xfd
0000            237   _TMR2H          DATA 0xcf
0000            238   _TMR2L          DATA 0xce
0000            239   _TMR2RLH        DATA 0xcb
0000            240   _TMR2RLL        DATA 0xca
0000            241   _TMR3CN0        DATA 0x91
0000            242   _TMR3CN1        DATA 0xfe
0000            243   _TMR3H          DATA 0x95
0000            244   _TMR3L          DATA 0x94
0000            245   _TMR3RLH        DATA 0x93
0000            246   _TMR3RLL        DATA 0x92
0000            247   _TMR4CN0        DATA 0x98
0000            248   _TMR4CN1        DATA 0xff
0000            249   _TMR4H          DATA 0xa5
0000            250   _TMR4L          DATA 0xa4
0000            251   _TMR4RLH        DATA 0xa3
0000            252   _TMR4RLL        DATA 0xa2
0000            253   _TMR5CN0        DATA 0xc0
0000            254   _TMR5CN1        DATA 0xf1
0000            255   _TMR5H          DATA 0xd5
0000            256   _TMR5L          DATA 0xd4
0000            257   _TMR5RLH        DATA 0xd3
0000            258   _TMR5RLL        DATA 0xd2
0000            259   _UART0PCF       DATA 0xd9
0000            260   _UART1FCN0      DATA 0x9d
0000            261   _UART1FCN1      DATA 0xd8
0000            262   _UART1FCT       DATA 0xfa
0000            263   _UART1LIN       DATA 0x9e
0000            264   _UART1PCF       DATA 0xda
0000            265   _VDM0CN         DATA 0xff
0000            266   _WDTCN          DATA 0x97
0000            267   _XBR0           DATA 0xe1
0000            268   _XBR1           DATA 0xe2
0000            269   _XBR2           DATA 0xe3
0000            270   _XOSC0CN        DATA 0x86
0000            271   _DPTR           DATA 0x8382
0000            272   _TMR2RL         DATA 0xcbca
0000            273   _TMR3RL         DATA 0x9392
0000            274   _TMR4RL         DATA 0xa3a2
0000            275   _TMR5RL         DATA 0xd3d2
0000            276   _TMR0           DATA 0x8c8a
0000            277   _TMR1           DATA 0x8d8b
0000            278   _TMR2           DATA 0xcfce
0000            279   _TMR3           DATA 0x9594
0000            280   _TMR4           DATA 0xa5a4
0000            281   _TMR5           DATA 0xd5d4
0000            282   _SBRL1          DATA 0x9695
0000            283   _PCA0           DATA 0xfaf9
0000            284   _PCA0CP0        DATA 0xfcfb
0000            285   _PCA0CP1        DATA 0xeae9
0000            286   _PCA0CP2        DATA 0xeceb
0000            287   _PCA0CP3        DATA 0xf5f4
0000            288   _PCA0CP4        DATA 0x8584
0000            289   _PCA0CP5        DATA 0xdedd
0000            290   _ADC0ASA        DATA 0xb6b5
0000            291   _ADC0GT         DATA 0xc4c3
0000            292   _ADC0           DATA 0xbebd
0000            293   _ADC0LT         DATA 0xc6c5
0000            294   _DAC0           DATA 0x8584
0000            295   _DAC1           DATA 0x8a89
0000            296   _DAC2           DATA 0x8c8b
0000            297   _DAC3           DATA 0x8e8d
0000            298   ;--------------------------------------------------------
0000            299   ; special function bits
0000            300   ;--------------------------------------------------------
0000            301   _ACC_0          BIT 0xe0
0000            302   _ACC_1          BIT 0xe1
0000            303   _ACC_2          BIT 0xe2
0000            304   _ACC_3          BIT 0xe3
0000            305   _ACC_4          BIT 0xe4
0000            306   _ACC_5          BIT 0xe5
0000            307   _ACC_6          BIT 0xe6
0000            308   _ACC_7          BIT 0xe7
0000            309   _TEMPE          BIT 0xe8
0000            310   _ADGN0          BIT 0xe9
0000            311   _ADGN1          BIT 0xea
0000            312   _ADWINT         BIT 0xeb
0000            313   _ADBUSY         BIT 0xec
0000            314   _ADINT          BIT 0xed
0000            315   _IPOEN          BIT 0xee
0000            316   _ADEN           BIT 0xef
0000            317   _B_0            BIT 0xf0
0000            318   _B_1            BIT 0xf1
0000            319   _B_2            BIT 0xf2
0000            320   _B_3            BIT 0xf3
0000            321   _B_4            BIT 0xf4
0000            322   _B_5            BIT 0xf5
0000            323   _B_6            BIT 0xf6
0000            324   _B_7            BIT 0xf7
0000            325   _C0FIF          BIT 0xe8
0000            326   _C0RIF          BIT 0xe9
0000            327   _C1FIF          BIT 0xea
0000            328   _C1RIF          BIT 0xeb
0000            329   _C2FIF          BIT 0xec
0000            330   _C2RIF          BIT 0xed
0000            331   _C3FIF          BIT 0xee
0000            332   _C3RIF          BIT 0xef
0000            333   _D1SRC0         BIT 0x88
0000            334   _D1SRC1         BIT 0x89
0000            335   _D1AMEN         BIT 0x8a
0000            336   _D01REFSL       BIT 0x8b
0000            337   _D3SRC0         BIT 0x8c
0000            338   _D3SRC1         BIT 0x8d
0000            339   _D3AMEN         BIT 0x8e
0000            340   _D23REFSL       BIT 0x8f
0000            341   _D0UDIS         BIT 0x98
0000            342   _D1UDIS         BIT 0x99
0000            343   _D2UDIS         BIT 0x9a
0000            344   _D3UDIS         BIT 0x9b
0000            345   _EX0            BIT 0xa8
0000            346   _ET0            BIT 0xa9
0000            347   _EX1            BIT 0xaa
0000            348   _ET1            BIT 0xab
0000            349   _ES0            BIT 0xac
0000            350   _ET2            BIT 0xad
0000            351   _ESPI0          BIT 0xae
0000            352   _EA             BIT 0xaf
0000            353   _PX0            BIT 0xb8
0000            354   _PT0            BIT 0xb9
0000            355   _PX1            BIT 0xba
0000            356   _PT1            BIT 0xbb
0000            357   _PS0            BIT 0xbc
0000            358   _PT2            BIT 0xbd
0000            359   _PSPI0          BIT 0xbe
0000            360   _P0_0           BIT 0x80
0000            361   _P0_1           BIT 0x81
0000            362   _P0_2           BIT 0x82
0000            363   _P0_3           BIT 0x83
0000            364   _P0_4           BIT 0x84
0000            365   _P0_5           BIT 0x85
0000            366   _P0_6           BIT 0x86
0000            367   _P0_7           BIT 0x87
0000            368   _P1_0           BIT 0x90
0000            369   _P1_1           BIT 0x91
0000            370   _P1_2           BIT 0x92
0000            371   _P1_3           BIT 0x93
0000            372   _P1_4           BIT 0x94
0000            373   _P1_5           BIT 0x95
0000            374   _P1_6           BIT 0x96
0000            375   _P1_7           BIT 0x97
0000            376   _P2_0           BIT 0xa0
0000            377   _P2_1           BIT 0xa1
0000            378   _P2_2           BIT 0xa2
0000            379   _P2_3           BIT 0xa3
0000            380   _P2_4           BIT 0xa4
0000            381   _P2_5           BIT 0xa5
0000            382   _P2_6           BIT 0xa6
0000            383   _P3_0           BIT 0xb0
0000            384   _P3_1           BIT 0xb1
0000            385   _P3_2           BIT 0xb2
0000            386   _P3_3           BIT 0xb3
0000            387   _P3_4           BIT 0xb4
0000            388   _P3_7           BIT 0xb7
0000            389   _CCF0           BIT 0xd8
0000            390   _CCF1           BIT 0xd9
0000            391   _CCF2           BIT 0xda
0000            392   _CCF3           BIT 0xdb
0000            393   _CCF4           BIT 0xdc
0000            394   _CCF5           BIT 0xdd
0000            395   _CR             BIT 0xde
0000            396   _CF             BIT 0xdf
0000            397   _PARITY         BIT 0xd0
0000            398   _F1             BIT 0xd1
0000            399   _OV             BIT 0xd2
0000            400   _RS0            BIT 0xd3
0000            401   _RS1            BIT 0xd4
0000            402   _F0             BIT 0xd5
0000            403   _AC             BIT 0xd6
0000            404   _CY             BIT 0xd7
0000            405   _RI             BIT 0x98
0000            406   _TI             BIT 0x99
0000            407   _RB8            BIT 0x9a
0000            408   _TB8            BIT 0x9b
0000            409   _REN            BIT 0x9c
0000            410   _CE             BIT 0x9d
0000            411   _SMODE          BIT 0x9e
0000            412   _RI1            BIT 0xc8
0000            413   _TI1            BIT 0xc9
0000            414   _RBX1           BIT 0xca
0000            415   _TBX1           BIT 0xcb
0000            416   _REN1           BIT 0xcc
0000            417   _PERR1          BIT 0xcd
0000            418   _OVR1           BIT 0xce
0000            419   _SI             BIT 0xc0
0000            420   _ACK            BIT 0xc1
0000            421   _ARBLOST        BIT 0xc2
0000            422   _ACKRQ          BIT 0xc3
0000            423   _STO            BIT 0xc4
0000            424   _STA            BIT 0xc5
0000            425   _TXMODE         BIT 0xc6
0000            426   _MASTER         BIT 0xc7
0000            427   _SPIEN          BIT 0xf8
0000            428   _TXNF           BIT 0xf9
0000            429   _NSSMD0         BIT 0xfa
0000            430   _NSSMD1         BIT 0xfb
0000            431   _RXOVRN         BIT 0xfc
0000            432   _MODF           BIT 0xfd
0000            433   _WCOL           BIT 0xfe
0000            434   _SPIF           BIT 0xff
0000            435   _IT0            BIT 0x88
0000            436   _IE0            BIT 0x89
0000            437   _IT1            BIT 0x8a
0000            438   _IE1            BIT 0x8b
0000            439   _TR0            BIT 0x8c
0000            440   _TF0            BIT 0x8d
0000            441   _TR1            BIT 0x8e
0000            442   _TF1            BIT 0x8f
0000            443   _T2XCLK0        BIT 0xc8
0000            444   _T2XCLK1        BIT 0xc9
0000            445   _TR2            BIT 0xca
0000            446   _T2SPLIT        BIT 0xcb
0000            447   _TF2CEN         BIT 0xcc
0000            448   _TF2LEN         BIT 0xcd
0000            449   _TF2L           BIT 0xce
0000            450   _TF2H           BIT 0xcf
0000            451   _T4XCLK0        BIT 0x98
0000            452   _T4XCLK1        BIT 0x99
0000            453   _TR4            BIT 0x9a
0000            454   _T4SPLIT        BIT 0x9b
0000            455   _TF4CEN         BIT 0x9c
0000            456   _TF4LEN         BIT 0x9d
0000            457   _TF4L           BIT 0x9e
0000            458   _TF4H           BIT 0x9f
0000            459   _T5XCLK0        BIT 0xc0
0000            460   _T5XCLK1        BIT 0xc1
0000            461   _TR5            BIT 0xc2
0000            462   _T5SPLIT        BIT 0xc3
0000            463   _TF5CEN         BIT 0xc4
0000            464   _TF5LEN         BIT 0xc5
0000            465   _TF5L           BIT 0xc6
0000            466   _TF5H           BIT 0xc7
0000            467   _RIE            BIT 0xd8
0000            468   _RXTO0          BIT 0xd9
0000            469   _RXTO1          BIT 0xda
0000            470   _RFRQ           BIT 0xdb
0000            471   _TIE            BIT 0xdc
0000            472   _TXHOLD         BIT 0xdd
0000            473   _TXNF1          BIT 0xde
0000            474   _TFRQ           BIT 0xdf
0000            475   ;--------------------------------------------------------
0000            476   ; overlayable register banks
0000            477   ;--------------------------------------------------------
0000            478            rbank0 segment data overlay
0000            479   ;--------------------------------------------------------
0000            480   ; internal ram data
0000            481   ;--------------------------------------------------------
0000            482            rseg R_DSEG
0000            483   ;--------------------------------------------------------
0000            484   ; overlayable items in internal ram 
0000            485   ;--------------------------------------------------------
0000            486            rseg    R_OSEG
0000            487   ;--------------------------------------------------------
0000            488   ; indirectly addressable internal ram data
0000            489   ;--------------------------------------------------------
0000            490            rseg R_ISEG
0000            491   ;--------------------------------------------------------
0000            492   ; absolute internal ram data
0000            493   ;--------------------------------------------------------
0000            494            DSEG
0000            495   ;--------------------------------------------------------
0000            496   ; bit data
0000            497   ;--------------------------------------------------------
0000            498            rseg R_BSEG
0000            499   ;--------------------------------------------------------
0000            500   ; paged external ram data
0000            501   ;--------------------------------------------------------
0000            502            rseg R_PSEG
0000            503   ;--------------------------------------------------------
0000            504   ; external ram data
0000            505   ;--------------------------------------------------------
0000            506            rseg R_XSEG
0000            507   ;--------------------------------------------------------
0000            508   ; absolute external ram data
0000            509   ;--------------------------------------------------------
0000            510            XSEG
0000            511   ;--------------------------------------------------------
0000            512   ; external initialized ram data
0000            513   ;--------------------------------------------------------
0000            514            rseg R_IXSEG
0000            515            rseg R_HOME
0000            516            rseg R_GSINIT
0000            517            rseg R_CSEG
0000            518   ;--------------------------------------------------------
0000            519   ; Reset entry point and interrupt vectors
0000            520   ;--------------------------------------------------------
0000            521            CSEG at 0x0000
0000 020000     522            ljmp    _crt0
000B            523            CSEG at 0x000b
000B 020000     524            ljmp    _Timer0_ISR
001B            525            CSEG at 0x001b
001B 020000     526            ljmp    _Timer1_ISR
002B            527            CSEG at 0x002b
002B 020000     528            ljmp    _Timer2_ISR
005B            529            CSEG at 0x005b
005B 020000     530            ljmp    _PCA_ISR
0073            531            CSEG at 0x0073
0073 020000     532            ljmp    _Timer3_ISR
008B            533            CSEG at 0x008b
008B 020000     534            ljmp    _Timer4_ISR
0093            535            CSEG at 0x0093
0093 020000     536            ljmp    _Timer5_ISR
0096            537   ;--------------------------------------------------------
0096            538   ; global & static initialisations
0096            539   ;--------------------------------------------------------
0000            540            rseg R_HOME
0000            541            rseg R_GSINIT
0000            542            rseg R_GSINIT
0000            543   ;--------------------------------------------------------
0000            544   ; data variables initialization
0000            545   ;--------------------------------------------------------
0000            546            rseg R_DINIT
0000            547            ; The linker places a 'ret' at the end of segment R_DINIT.
0000            548   ;--------------------------------------------------------
0000            549   ; code
0000            550   ;--------------------------------------------------------
0000            551            rseg R_CSEG
0000            552   ;------------------------------------------------------------
0000            553   ;Allocation info for local variables in function '_c51_external_startup'
0000            554   ;------------------------------------------------------------
0000            555   ;------------------------------------------------------------
0000            556   ;        C:\Users\flipa\OneDrive - UBC\University\Course Materials\2nd year - Term 2\ELEC 291 - Electrical Engineering Design Studio\Project2ELEC291\JDY40 EFM8 Files\EFM8 Example Code\All_timers\All_timers.c:33: char _c51_external_startup (void)
0000            557   ;        -----------------------------------------
0000            558   ;         function _c51_external_startup
0000            559   ;        -----------------------------------------
0000            560   __c51_external_startup:
0000            561            using   0
0000            562   ;        C:\Users\flipa\OneDrive - UBC\University\Course Materials\2nd year - Term 2\ELEC 291 - Electrical Engineering Design Studio\Project2ELEC291\JDY40 EFM8 Files\EFM8 Example Code\All_timers\All_timers.c:36: SFRPAGE = 0x00;
0000 75A700     563            mov     _SFRPAGE,#0x00
0003            564   ;        C:\Users\flipa\OneDrive - UBC\University\Course Materials\2nd year - Term 2\ELEC 291 - Electrical Engineering Design Studio\Project2ELEC291\JDY40 EFM8 Files\EFM8 Example Code\All_timers\All_timers.c:37: WDTCN = 0xDE; //First key
0003 7597DE     565            mov     _WDTCN,#0xDE
0006            566   ;        C:\Users\flipa\OneDrive - UBC\University\Course Materials\2nd year - Term 2\ELEC 291 - Electrical Engineering Design Studio\Project2ELEC291\JDY40 EFM8 Files\EFM8 Example Code\All_timers\All_timers.c:38: WDTCN = 0xAD; //Second key
0006 7597AD     567            mov     _WDTCN,#0xAD
0009            568   ;        C:\Users\flipa\OneDrive - UBC\University\Course Materials\2nd year - Term 2\ELEC 291 - Electrical Engineering Design Studio\Project2ELEC291\JDY40 EFM8 Files\EFM8 Example Code\All_timers\All_timers.c:40: VDM0CN=0x80;       // enable VDD monitor
0009 75FF80     569            mov     _VDM0CN,#0x80
000C            570   ;        C:\Users\flipa\OneDrive - UBC\University\Course Materials\2nd year - Term 2\ELEC 291 - Electrical Engineering Design Studio\Project2ELEC291\JDY40 EFM8 Files\EFM8 Example Code\All_timers\All_timers.c:41: RSTSRC=0x02|0x04;  // Enable reset on missing clock detector and VDD
000C 75EF06     571            mov     _RSTSRC,#0x06
000F            572   ;        C:\Users\flipa\OneDrive - UBC\University\Course Materials\2nd year - Term 2\ELEC 291 - Electrical Engineering Design Studio\Project2ELEC291\JDY40 EFM8 Files\EFM8 Example Code\All_timers\All_timers.c:48: SFRPAGE = 0x10;
000F 75A710     573            mov     _SFRPAGE,#0x10
0012            574   ;        C:\Users\flipa\OneDrive - UBC\University\Course Materials\2nd year - Term 2\ELEC 291 - Electrical Engineering Design Studio\Project2ELEC291\JDY40 EFM8 Files\EFM8 Example Code\All_timers\All_timers.c:49: PFE0CN  = 0x20; // SYSCLK < 75 MHz.
0012 75C120     575            mov     _PFE0CN,#0x20
0015            576   ;        C:\Users\flipa\OneDrive - UBC\University\Course Materials\2nd year - Term 2\ELEC 291 - Electrical Engineering Design Studio\Project2ELEC291\JDY40 EFM8 Files\EFM8 Example Code\All_timers\All_timers.c:50: SFRPAGE = 0x00;
0015 75A700     577            mov     _SFRPAGE,#0x00
0018            578   ;        C:\Users\flipa\OneDrive - UBC\University\Course Materials\2nd year - Term 2\ELEC 291 - Electrical Engineering Design Studio\Project2ELEC291\JDY40 EFM8 Files\EFM8 Example Code\All_timers\All_timers.c:71: CLKSEL = 0x00;
0018 75A900     579            mov     _CLKSEL,#0x00
001B            580   ;        C:\Users\flipa\OneDrive - UBC\University\Course Materials\2nd year - Term 2\ELEC 291 - Electrical Engineering Design Studio\Project2ELEC291\JDY40 EFM8 Files\EFM8 Example Code\All_timers\All_timers.c:72: CLKSEL = 0x00;
001B 75A900     581            mov     _CLKSEL,#0x00
001E            582   ;        C:\Users\flipa\OneDrive - UBC\University\Course Materials\2nd year - Term 2\ELEC 291 - Electrical Engineering Design Studio\Project2ELEC291\JDY40 EFM8 Files\EFM8 Example Code\All_timers\All_timers.c:73: while ((CLKSEL & 0x80) == 0);
001E            583   L002001?:
001E E5A9       584            mov     a,_CLKSEL
0020 30E798     585            jnb     acc.7,L002001?
0023            586   ;        C:\Users\flipa\OneDrive - UBC\University\Course Materials\2nd year - Term 2\ELEC 291 - Electrical Engineering Design Studio\Project2ELEC291\JDY40 EFM8 Files\EFM8 Example Code\All_timers\All_timers.c:74: CLKSEL = 0x03;
0023 75A903     587            mov     _CLKSEL,#0x03
0026            588   ;        C:\Users\flipa\OneDrive - UBC\University\Course Materials\2nd year - Term 2\ELEC 291 - Electrical Engineering Design Studio\Project2ELEC291\JDY40 EFM8 Files\EFM8 Example Code\All_timers\All_timers.c:75: CLKSEL = 0x03;
0026 75A903     589            mov     _CLKSEL,#0x03
0029            590   ;        C:\Users\flipa\OneDrive - UBC\University\Course Materials\2nd year - Term 2\ELEC 291 - Electrical Engineering Design Studio\Project2ELEC291\JDY40 EFM8 Files\EFM8 Example Code\All_timers\All_timers.c:76: while ((CLKSEL & 0x80) == 0);
0029            591   L002004?:
0029 E5A9       592            mov     a,_CLKSEL
002B 30E718     593            jnb     acc.7,L002004?
002E            594   ;        C:\Users\flipa\OneDrive - UBC\University\Course Materials\2nd year - Term 2\ELEC 291 - Electrical Engineering Design Studio\Project2ELEC291\JDY40 EFM8 Files\EFM8 Example Code\All_timers\All_timers.c:82: P0MDOUT|=0b_1100_0010;
002E 43A4C2     595            orl     _P0MDOUT,#0xC2
0031            596   ;        C:\Users\flipa\OneDrive - UBC\University\Course Materials\2nd year - Term 2\ELEC 291 - Electrical Engineering Design Studio\Project2ELEC291\JDY40 EFM8 Files\EFM8 Example Code\All_timers\All_timers.c:83: P1MDOUT|=0b_1111_1111;
0031 E5A5       597            mov     a,_P1MDOUT
0033 75A5FF     598            mov     _P1MDOUT,#0xFF
0036            599   ;        C:\Users\flipa\OneDrive - UBC\University\Course Materials\2nd year - Term 2\ELEC 291 - Electrical Engineering Design Studio\Project2ELEC291\JDY40 EFM8 Files\EFM8 Example Code\All_timers\All_timers.c:84: P2MDOUT|=0b_0000_0001;
0036 43A601     600            orl     _P2MDOUT,#0x01
0039            601   ;        C:\Users\flipa\OneDrive - UBC\University\Course Materials\2nd year - Term 2\ELEC 291 - Electrical Engineering Design Studio\Project2ELEC291\JDY40 EFM8 Files\EFM8 Example Code\All_timers\All_timers.c:86: XBR0     = 0x00;                     
0039 75E100     602            mov     _XBR0,#0x00
003C            603   ;        C:\Users\flipa\OneDrive - UBC\University\Course Materials\2nd year - Term 2\ELEC 291 - Electrical Engineering Design Studio\Project2ELEC291\JDY40 EFM8 Files\EFM8 Example Code\All_timers\All_timers.c:87: XBR1     = 0X00;
003C 75E200     604            mov     _XBR1,#0x00
003F            605   ;        C:\Users\flipa\OneDrive - UBC\University\Course Materials\2nd year - Term 2\ELEC 291 - Electrical Engineering Design Studio\Project2ELEC291\JDY40 EFM8 Files\EFM8 Example Code\All_timers\All_timers.c:88: XBR2     = 0x40; // Enable crossbar and weak pull-ups
003F 75E340     606            mov     _XBR2,#0x40
0042            607   ;        C:\Users\flipa\OneDrive - UBC\University\Course Materials\2nd year - Term 2\ELEC 291 - Electrical Engineering Design Studio\Project2ELEC291\JDY40 EFM8 Files\EFM8 Example Code\All_timers\All_timers.c:91: TR0=0;
0042 C28C       608            clr     _TR0
0044            609   ;        C:\Users\flipa\OneDrive - UBC\University\Course Materials\2nd year - Term 2\ELEC 291 - Electrical Engineering Design Studio\Project2ELEC291\JDY40 EFM8 Files\EFM8 Example Code\All_timers\All_timers.c:92: TF0=0;
0044 C28D       610            clr     _TF0
0046            611   ;        C:\Users\flipa\OneDrive - UBC\University\Course Materials\2nd year - Term 2\ELEC 291 - Electrical Engineering Design Studio\Project2ELEC291\JDY40 EFM8 Files\EFM8 Example Code\All_timers\All_timers.c:93: CKCON0|=0b_0000_0100; // Timer 0 uses the system clock
0046 438E04     612            orl     _CKCON0,#0x04
0049            613   ;        C:\Users\flipa\OneDrive - UBC\University\Course Materials\2nd year - Term 2\ELEC 291 - Electrical Engineering Design Studio\Project2ELEC291\JDY40 EFM8 Files\EFM8 Example Code\All_timers\All_timers.c:94: TMOD&=0xf0;
0049 5389F0     614            anl     _TMOD,#0xF0
004C            615   ;        C:\Users\flipa\OneDrive - UBC\University\Course Materials\2nd year - Term 2\ELEC 291 - Electrical Engineering Design Studio\Project2ELEC291\JDY40 EFM8 Files\EFM8 Example Code\All_timers\All_timers.c:95: TMOD|=0x01; // Timer 0 in mode 1: 16-bit timer
004C 438901     616            orl     _TMOD,#0x01
004F            617   ;        C:\Users\flipa\OneDrive - UBC\University\Course Materials\2nd year - Term 2\ELEC 291 - Electrical Engineering Design Studio\Project2ELEC291\JDY40 EFM8 Files\EFM8 Example Code\All_timers\All_timers.c:97: TMR0=65536L-(SYSCLK/(2*TIMER_0_FREQ));
004F 758A60     618            mov     _TMR0,#0x60
0052 758C73     619            mov     (_TMR0 >> 8),#0x73
0055            620   ;        C:\Users\flipa\OneDrive - UBC\University\Course Materials\2nd year - Term 2\ELEC 291 - Electrical Engineering Design Studio\Project2ELEC291\JDY40 EFM8 Files\EFM8 Example Code\All_timers\All_timers.c:98: ET0=1;     // Enable Timer0 interrupts
0055 D2A9       621            setb    _ET0
0057            622   ;        C:\Users\flipa\OneDrive - UBC\University\Course Materials\2nd year - Term 2\ELEC 291 - Electrical Engineering Design Studio\Project2ELEC291\JDY40 EFM8 Files\EFM8 Example Code\All_timers\All_timers.c:99: TR0=1;     // Start Timer0
0057 D28C       623            setb    _TR0
0059            624   ;        C:\Users\flipa\OneDrive - UBC\University\Course Materials\2nd year - Term 2\ELEC 291 - Electrical Engineering Design Studio\Project2ELEC291\JDY40 EFM8 Files\EFM8 Example Code\All_timers\All_timers.c:102: TR1=0;
0059 C28E       625            clr     _TR1
005B            626   ;        C:\Users\flipa\OneDrive - UBC\University\Course Materials\2nd year - Term 2\ELEC 291 - Electrical Engineering Design Studio\Project2ELEC291\JDY40 EFM8 Files\EFM8 Example Code\All_timers\All_timers.c:103: TF1=0;
005B C28F       627            clr     _TF1
005D            628   ;        C:\Users\flipa\OneDrive - UBC\University\Course Materials\2nd year - Term 2\ELEC 291 - Electrical Engineering Design Studio\Project2ELEC291\JDY40 EFM8 Files\EFM8 Example Code\All_timers\All_timers.c:104: CKCON0|=0b_0000_1000; // Timer 1 uses the system clock
005D 438E08     629            orl     _CKCON0,#0x08
0060            630   ;        C:\Users\flipa\OneDrive - UBC\University\Course Materials\2nd year - Term 2\ELEC 291 - Electrical Engineering Design Studio\Project2ELEC291\JDY40 EFM8 Files\EFM8 Example Code\All_timers\All_timers.c:105: TMOD&=0x0f;
0060 53890F     631            anl     _TMOD,#0x0F
0063            632   ;        C:\Users\flipa\OneDrive - UBC\University\Course Materials\2nd year - Term 2\ELEC 291 - Electrical Engineering Design Studio\Project2ELEC291\JDY40 EFM8 Files\EFM8 Example Code\All_timers\All_timers.c:106: TMOD|=0x10; // Timer 1 in mode 1: 16-bit timer
0063 438910     633            orl     _TMOD,#0x10
0066            634   ;        C:\Users\flipa\OneDrive - UBC\University\Course Materials\2nd year - Term 2\ELEC 291 - Electrical Engineering Design Studio\Project2ELEC291\JDY40 EFM8 Files\EFM8 Example Code\All_timers\All_timers.c:108: TMR1=65536L-(SYSCLK/(2*TIMER_1_FREQ));
0066 758BB0     635            mov     _TMR1,#0xB0
0069 758DB9     636            mov     (_TMR1 >> 8),#0xB9
006C            637   ;        C:\Users\flipa\OneDrive - UBC\University\Course Materials\2nd year - Term 2\ELEC 291 - Electrical Engineering Design Studio\Project2ELEC291\JDY40 EFM8 Files\EFM8 Example Code\All_timers\All_timers.c:109: ET1=1;     // Enable Timer1 interrupts
006C D2AB       638            setb    _ET1
006E            639   ;        C:\Users\flipa\OneDrive - UBC\University\Course Materials\2nd year - Term 2\ELEC 291 - Electrical Engineering Design Studio\Project2ELEC291\JDY40 EFM8 Files\EFM8 Example Code\All_timers\All_timers.c:110: TR1=1;     // Start Timer1
006E D28E       640            setb    _TR1
0070            641   ;        C:\Users\flipa\OneDrive - UBC\University\Course Materials\2nd year - Term 2\ELEC 291 - Electrical Engineering Design Studio\Project2ELEC291\JDY40 EFM8 Files\EFM8 Example Code\All_timers\All_timers.c:113: TMR2CN0=0x00;   // Stop Timer2; Clear TF2;
0070 75C800     642            mov     _TMR2CN0,#0x00
0073            643   ;        C:\Users\flipa\OneDrive - UBC\University\Course Materials\2nd year - Term 2\ELEC 291 - Electrical Engineering Design Studio\Project2ELEC291\JDY40 EFM8 Files\EFM8 Example Code\All_timers\All_timers.c:114: CKCON0|=0b_0001_0000; // Timer 2 uses the system clock
0073 438E10     644            orl     _CKCON0,#0x10
0076            645   ;        C:\Users\flipa\OneDrive - UBC\University\Course Materials\2nd year - Term 2\ELEC 291 - Electrical Engineering Design Studio\Project2ELEC291\JDY40 EFM8 Files\EFM8 Example Code\All_timers\All_timers.c:115: TMR2RL=(0x10000L-(SYSCLK/(2*TIMER_2_FREQ))); // Initialize reload value
0076 75CA20     646            mov     _TMR2RL,#0x20
0079 75CBD1     647            mov     (_TMR2RL >> 8),#0xD1
007C            648   ;        C:\Users\flipa\OneDrive - UBC\University\Course Materials\2nd year - Term 2\ELEC 291 - Electrical Engineering Design Studio\Project2ELEC291\JDY40 EFM8 Files\EFM8 Example Code\All_timers\All_timers.c:116: TMR2=0xffff;   // Set to reload immediately
007C 75CEFF     649            mov     _TMR2,#0xFF
007F 75CFFF     650            mov     (_TMR2 >> 8),#0xFF
0082            651   ;        C:\Users\flipa\OneDrive - UBC\University\Course Materials\2nd year - Term 2\ELEC 291 - Electrical Engineering Design Studio\Project2ELEC291\JDY40 EFM8 Files\EFM8 Example Code\All_timers\All_timers.c:117: ET2=1;         // Enable Timer2 interrupts
0082 D2AD       652            setb    _ET2
0084            653   ;        C:\Users\flipa\OneDrive - UBC\University\Course Materials\2nd year - Term 2\ELEC 291 - Electrical Engineering Design Studio\Project2ELEC291\JDY40 EFM8 Files\EFM8 Example Code\All_timers\All_timers.c:118: TR2=1;         // Start Timer2 (TMR2CN is bit addressable)
0084 D2CA       654            setb    _TR2
0086            655   ;        C:\Users\flipa\OneDrive - UBC\University\Course Materials\2nd year - Term 2\ELEC 291 - Electrical Engineering Design Studio\Project2ELEC291\JDY40 EFM8 Files\EFM8 Example Code\All_timers\All_timers.c:121: TMR3CN0=0x00;   // Stop Timer3; Clear TF3;
0086 759100     656            mov     _TMR3CN0,#0x00
0089            657   ;        C:\Users\flipa\OneDrive - UBC\University\Course Materials\2nd year - Term 2\ELEC 291 - Electrical Engineering Design Studio\Project2ELEC291\JDY40 EFM8 Files\EFM8 Example Code\All_timers\All_timers.c:122: CKCON0|=0b_0100_0000; // Timer 3 uses the system clock
0089 438E40     658            orl     _CKCON0,#0x40
008C            659   ;        C:\Users\flipa\OneDrive - UBC\University\Course Materials\2nd year - Term 2\ELEC 291 - Electrical Engineering Design Studio\Project2ELEC291\JDY40 EFM8 Files\EFM8 Example Code\All_timers\All_timers.c:123: TMR3RL=(0x10000L-(SYSCLK/(2*TIMER_3_FREQ))); // Initialize reload value
008C 7592D8     660            mov     _TMR3RL,#0xD8
008F 7593DC     661            mov     (_TMR3RL >> 8),#0xDC
0092            662   ;        C:\Users\flipa\OneDrive - UBC\University\Course Materials\2nd year - Term 2\ELEC 291 - Electrical Engineering Design Studio\Project2ELEC291\JDY40 EFM8 Files\EFM8 Example Code\All_timers\All_timers.c:124: TMR3=0xffff;   // Set to reload immediately
0092 7594FF     663            mov     _TMR3,#0xFF
0095 7595FF     664            mov     (_TMR3 >> 8),#0xFF
0098            665   ;        C:\Users\flipa\OneDrive - UBC\University\Course Materials\2nd year - Term 2\ELEC 291 - Electrical Engineering Design Studio\Project2ELEC291\JDY40 EFM8 Files\EFM8 Example Code\All_timers\All_timers.c:125: EIE1|=0b_1000_0000;     // Enable Timer3 interrupts
0098 43E680     666            orl     _EIE1,#0x80
009B            667   ;        C:\Users\flipa\OneDrive - UBC\University\Course Materials\2nd year - Term 2\ELEC 291 - Electrical Engineering Design Studio\Project2ELEC291\JDY40 EFM8 Files\EFM8 Example Code\All_timers\All_timers.c:126: TMR3CN0|=0b_0000_0100;  // Start Timer3 (TMR3CN0 is not bit addressable)
009B 439104     668            orl     _TMR3CN0,#0x04
009E            669   ;        C:\Users\flipa\OneDrive - UBC\University\Course Materials\2nd year - Term 2\ELEC 291 - Electrical Engineering Design Studio\Project2ELEC291\JDY40 EFM8 Files\EFM8 Example Code\All_timers\All_timers.c:129: SFRPAGE=0x10;
009E 75A710     670            mov     _SFRPAGE,#0x10
00A1            671   ;        C:\Users\flipa\OneDrive - UBC\University\Course Materials\2nd year - Term 2\ELEC 291 - Electrical Engineering Design Studio\Project2ELEC291\JDY40 EFM8 Files\EFM8 Example Code\All_timers\All_timers.c:130: TMR4CN0=0x00;   // Stop Timer4; Clear TF4; WARNING: lives in SFR page 0x10
00A1 759800     672            mov     _TMR4CN0,#0x00
00A4            673   ;        C:\Users\flipa\OneDrive - UBC\University\Course Materials\2nd year - Term 2\ELEC 291 - Electrical Engineering Design Studio\Project2ELEC291\JDY40 EFM8 Files\EFM8 Example Code\All_timers\All_timers.c:131: CKCON1|=0b_0000_0001; // Timer 4 uses the system clock
00A4 43A601     674            orl     _CKCON1,#0x01
00A7            675   ;        C:\Users\flipa\OneDrive - UBC\University\Course Materials\2nd year - Term 2\ELEC 291 - Electrical Engineering Design Studio\Project2ELEC291\JDY40 EFM8 Files\EFM8 Example Code\All_timers\All_timers.c:132: TMR4RL=(0x10000L-(SYSCLK/(2*TIMER_4_FREQ))); // Initialize reload value
00A7 75A2E0     676            mov     _TMR4RL,#0xE0
00AA 75A3E3     677            mov     (_TMR4RL >> 8),#0xE3
00AD            678   ;        C:\Users\flipa\OneDrive - UBC\University\Course Materials\2nd year - Term 2\ELEC 291 - Electrical Engineering Design Studio\Project2ELEC291\JDY40 EFM8 Files\EFM8 Example Code\All_timers\All_timers.c:133: TMR4=0xffff;   // Set to reload immediately
00AD 75A4FF     679            mov     _TMR4,#0xFF
00B0 75A5FF     680            mov     (_TMR4 >> 8),#0xFF
00B3            681   ;        C:\Users\flipa\OneDrive - UBC\University\Course Materials\2nd year - Term 2\ELEC 291 - Electrical Engineering Design Studio\Project2ELEC291\JDY40 EFM8 Files\EFM8 Example Code\All_timers\All_timers.c:134: EIE2|=0b_0000_0100;     // Enable Timer4 interrupts
00B3 43F304     682            orl     _EIE2,#0x04
00B6            683   ;        C:\Users\flipa\OneDrive - UBC\University\Course Materials\2nd year - Term 2\ELEC 291 - Electrical Engineering Design Studio\Project2ELEC291\JDY40 EFM8 Files\EFM8 Example Code\All_timers\All_timers.c:135: TR4=1;
00B6 D29A       684            setb    _TR4
00B8            685   ;        C:\Users\flipa\OneDrive - UBC\University\Course Materials\2nd year - Term 2\ELEC 291 - Electrical Engineering Design Studio\Project2ELEC291\JDY40 EFM8 Files\EFM8 Example Code\All_timers\All_timers.c:138: SFRPAGE=0x10;
00B8 75A710     686            mov     _SFRPAGE,#0x10
00BB            687   ;        C:\Users\flipa\OneDrive - UBC\University\Course Materials\2nd year - Term 2\ELEC 291 - Electrical Engineering Design Studio\Project2ELEC291\JDY40 EFM8 Files\EFM8 Example Code\All_timers\All_timers.c:139: TMR5CN0=0x00;   // Stop Timer5; Clear TF5; WARNING: lives in SFR page 0x10
00BB 75C000     688            mov     _TMR5CN0,#0x00
00BE            689   ;        C:\Users\flipa\OneDrive - UBC\University\Course Materials\2nd year - Term 2\ELEC 291 - Electrical Engineering Design Studio\Project2ELEC291\JDY40 EFM8 Files\EFM8 Example Code\All_timers\All_timers.c:140: CKCON1|=0b_0000_0100; // Timer 5 uses the system clock
00BE 43A604     690            orl     _CKCON1,#0x04
00C1            691   ;        C:\Users\flipa\OneDrive - UBC\University\Course Materials\2nd year - Term 2\ELEC 291 - Electrical Engineering Design Studio\Project2ELEC291\JDY40 EFM8 Files\EFM8 Example Code\All_timers\All_timers.c:141: TMR5RL=(0x10000L-(SYSCLK/(2*TIMER_5_FREQ))); // Initialize reload value
00C1 75D26C     692            mov     _TMR5RL,#0x6C
00C4 75D3EE     693            mov     (_TMR5RL >> 8),#0xEE
00C7            694   ;        C:\Users\flipa\OneDrive - UBC\University\Course Materials\2nd year - Term 2\ELEC 291 - Electrical Engineering Design Studio\Project2ELEC291\JDY40 EFM8 Files\EFM8 Example Code\All_timers\All_timers.c:142: TMR5=0xffff;   // Set to reload immediately
00C7 75D4FF     695            mov     _TMR5,#0xFF
00CA 75D5FF     696            mov     (_TMR5 >> 8),#0xFF
00CD            697   ;        C:\Users\flipa\OneDrive - UBC\University\Course Materials\2nd year - Term 2\ELEC 291 - Electrical Engineering Design Studio\Project2ELEC291\JDY40 EFM8 Files\EFM8 Example Code\All_timers\All_timers.c:143: EIE2|=0b_0000_1000; // Enable Timer5 interrupts
00CD 43F308     698            orl     _EIE2,#0x08
00D0            699   ;        C:\Users\flipa\OneDrive - UBC\University\Course Materials\2nd year - Term 2\ELEC 291 - Electrical Engineering Design Studio\Project2ELEC291\JDY40 EFM8 Files\EFM8 Example Code\All_timers\All_timers.c:144: TR5=1;         // Start Timer5 (TMR5CN0 is bit addressable)
00D0 D2C2       700            setb    _TR5
00D2            701   ;        C:\Users\flipa\OneDrive - UBC\University\Course Materials\2nd year - Term 2\ELEC 291 - Electrical Engineering Design Studio\Project2ELEC291\JDY40 EFM8 Files\EFM8 Example Code\All_timers\All_timers.c:147: SFRPAGE=0x0;
00D2 75A700     702            mov     _SFRPAGE,#0x00
00D5            703   ;        C:\Users\flipa\OneDrive - UBC\University\Course Materials\2nd year - Term 2\ELEC 291 - Electrical Engineering Design Studio\Project2ELEC291\JDY40 EFM8 Files\EFM8 Example Code\All_timers\All_timers.c:148: PCA0MD=0x00; // Disable and clear everything in the PCA
00D5 75D900     704            mov     _PCA0MD,#0x00
00D8            705   ;        C:\Users\flipa\OneDrive - UBC\University\Course Materials\2nd year - Term 2\ELEC 291 - Electrical Engineering Design Studio\Project2ELEC291\JDY40 EFM8 Files\EFM8 Example Code\All_timers\All_timers.c:149: PCA0L=0; // Initialize the PCA counter to zero
00D8 75F900     706            mov     _PCA0L,#0x00
00DB            707   ;        C:\Users\flipa\OneDrive - UBC\University\Course Materials\2nd year - Term 2\ELEC 291 - Electrical Engineering Design Studio\Project2ELEC291\JDY40 EFM8 Files\EFM8 Example Code\All_timers\All_timers.c:150: PCA0H=0;
00DB 75FA00     708            mov     _PCA0H,#0x00
00DE            709   ;        C:\Users\flipa\OneDrive - UBC\University\Course Materials\2nd year - Term 2\ELEC 291 - Electrical Engineering Design Studio\Project2ELEC291\JDY40 EFM8 Files\EFM8 Example Code\All_timers\All_timers.c:151: PCA0MD=0b_0000_1000; // Configure PCA.  System CLK is the frequency input for the PCA
00DE 75D908     710            mov     _PCA0MD,#0x08
00E1            711   ;        C:\Users\flipa\OneDrive - UBC\University\Course Materials\2nd year - Term 2\ELEC 291 - Electrical Engineering Design Studio\Project2ELEC291\JDY40 EFM8 Files\EFM8 Example Code\All_timers\All_timers.c:153: PCA0CPM0=PCA0CPM1=PCA0CPM2=PCA0CPM3=PCA0CPM4=0b_0100_1001; // ECOM|MAT|ECCF;
00E1 75AF49     712            mov     _PCA0CPM4,#0x49
00E4 75AE49     713            mov     _PCA0CPM3,#0x49
00E7 75DC49     714            mov     _PCA0CPM2,#0x49
00EA 75DB49     715            mov     _PCA0CPM1,#0x49
00ED 75DA49     716            mov     _PCA0CPM0,#0x49
00F0            717   ;        C:\Users\flipa\OneDrive - UBC\University\Course Materials\2nd year - Term 2\ELEC 291 - Electrical Engineering Design Studio\Project2ELEC291\JDY40 EFM8 Files\EFM8 Example Code\All_timers\All_timers.c:155: PCA0CPL0=(SYSCLK/(2*PCA_0_FREQ))%0x100; //Always write low byte first!
00F0 75FB16     718            mov     _PCA0CPL0,#0x16
00F3            719   ;        C:\Users\flipa\OneDrive - UBC\University\Course Materials\2nd year - Term 2\ELEC 291 - Electrical Engineering Design Studio\Project2ELEC291\JDY40 EFM8 Files\EFM8 Example Code\All_timers\All_timers.c:156: PCA0CPH0=(SYSCLK/(2*PCA_0_FREQ))/0x100;
00F3 75FC14     720            mov     _PCA0CPH0,#0x14
00F6            721   ;        C:\Users\flipa\OneDrive - UBC\University\Course Materials\2nd year - Term 2\ELEC 291 - Electrical Engineering Design Studio\Project2ELEC291\JDY40 EFM8 Files\EFM8 Example Code\All_timers\All_timers.c:158: PCA0CPL1=(SYSCLK/(2*PCA_1_FREQ))%0x100; //Always write low byte first!
00F6 75E994     722            mov     _PCA0CPL1,#0x94
00F9            723   ;        C:\Users\flipa\OneDrive - UBC\University\Course Materials\2nd year - Term 2\ELEC 291 - Electrical Engineering Design Studio\Project2ELEC291\JDY40 EFM8 Files\EFM8 Example Code\All_timers\All_timers.c:159: PCA0CPH1=(SYSCLK/(2*PCA_1_FREQ))/0x100;
00F9 75EA11     724            mov     _PCA0CPH1,#0x11
00FC            725   ;        C:\Users\flipa\OneDrive - UBC\University\Course Materials\2nd year - Term 2\ELEC 291 - Electrical Engineering Design Studio\Project2ELEC291\JDY40 EFM8 Files\EFM8 Example Code\All_timers\All_timers.c:161: PCA0CPL2=(SYSCLK/(2*PCA_2_FREQ))%0x100; //Always write low byte first!
00FC 75EBA0     726            mov     _PCA0CPL2,#0xA0
00FF            727   ;        C:\Users\flipa\OneDrive - UBC\University\Course Materials\2nd year - Term 2\ELEC 291 - Electrical Engineering Design Studio\Project2ELEC291\JDY40 EFM8 Files\EFM8 Example Code\All_timers\All_timers.c:162: PCA0CPH2=(SYSCLK/(2*PCA_2_FREQ))/0x100;
00FF 75EC0F     728            mov     _PCA0CPH2,#0x0F
0102            729   ;        C:\Users\flipa\OneDrive - UBC\University\Course Materials\2nd year - Term 2\ELEC 291 - Electrical Engineering Design Studio\Project2ELEC291\JDY40 EFM8 Files\EFM8 Example Code\All_timers\All_timers.c:164: PCA0CPL3=(SYSCLK/(2*PCA_3_FREQ))%0x100; //Always write low byte first!
0102 75F410     730            mov     _PCA0CPL3,#0x10
0105            731   ;        C:\Users\flipa\OneDrive - UBC\University\Course Materials\2nd year - Term 2\ELEC 291 - Electrical Engineering Design Studio\Project2ELEC291\JDY40 EFM8 Files\EFM8 Example Code\All_timers\All_timers.c:165: PCA0CPH3=(SYSCLK/(2*PCA_3_FREQ))/0x100;
0105 75F50E     732            mov     _PCA0CPH3,#0x0E
0108            733   ;        C:\Users\flipa\OneDrive - UBC\University\Course Materials\2nd year - Term 2\ELEC 291 - Electrical Engineering Design Studio\Project2ELEC291\JDY40 EFM8 Files\EFM8 Example Code\All_timers\All_timers.c:167: PCA0CPL4=(SYSCLK/(2*PCA_4_FREQ))%0x100; //Always write low byte first!
0108 7584C8     734            mov     _PCA0CPL4,#0xC8
010B            735   ;        C:\Users\flipa\OneDrive - UBC\University\Course Materials\2nd year - Term 2\ELEC 291 - Electrical Engineering Design Studio\Project2ELEC291\JDY40 EFM8 Files\EFM8 Example Code\All_timers\All_timers.c:168: PCA0CPH4=(SYSCLK/(2*PCA_4_FREQ))/0x100;
010B 75850C     736            mov     _PCA0CPH4,#0x0C
010E            737   ;        C:\Users\flipa\OneDrive - UBC\University\Course Materials\2nd year - Term 2\ELEC 291 - Electrical Engineering Design Studio\Project2ELEC291\JDY40 EFM8 Files\EFM8 Example Code\All_timers\All_timers.c:169: CR=1; // Enable PCA counter
010E D2DE       738            setb    _CR
0110            739   ;        C:\Users\flipa\OneDrive - UBC\University\Course Materials\2nd year - Term 2\ELEC 291 - Electrical Engineering Design Studio\Project2ELEC291\JDY40 EFM8 Files\EFM8 Example Code\All_timers\All_timers.c:170: EIE1|=0b_0001_0000; // Enable PCA interrupts
0110 43E610     740            orl     _EIE1,#0x10
0113            741   ;        C:\Users\flipa\OneDrive - UBC\University\Course Materials\2nd year - Term 2\ELEC 291 - Electrical Engineering Design Studio\Project2ELEC291\JDY40 EFM8 Files\EFM8 Example Code\All_timers\All_timers.c:172: EA=1; // Enable interrupts
0113 D2AF       742            setb    _EA
0115            743   ;        C:\Users\flipa\OneDrive - UBC\University\Course Materials\2nd year - Term 2\ELEC 291 - Electrical Engineering Design Studio\Project2ELEC291\JDY40 EFM8 Files\EFM8 Example Code\All_timers\All_timers.c:174: return 0;
0115 758200     744            mov     dpl,#0x00
0118 22         745            ret
0119            746   ;------------------------------------------------------------
0119            747   ;Allocation info for local variables in function 'Timer0_ISR'
0119            748   ;------------------------------------------------------------
0119            749   ;------------------------------------------------------------
0119            750   ;        C:\Users\flipa\OneDrive - UBC\University\Course Materials\2nd year - Term 2\ELEC 291 - Electrical Engineering Design Studio\Project2ELEC291\JDY40 EFM8 Files\EFM8 Example Code\All_timers\All_timers.c:177: void Timer0_ISR (void) interrupt INTERRUPT_TIMER0
0119            751   ;        -----------------------------------------
0119            752   ;         function Timer0_ISR
0119            753   ;        -----------------------------------------
0119            754   _Timer0_ISR:
0119            755   ;        C:\Users\flipa\OneDrive - UBC\University\Course Materials\2nd year - Term 2\ELEC 291 - Electrical Engineering Design Studio\Project2ELEC291\JDY40 EFM8 Files\EFM8 Example Code\All_timers\All_timers.c:179: SFRPAGE=0x0;
0119 75A700     756            mov     _SFRPAGE,#0x00
011C            757   ;        C:\Users\flipa\OneDrive - UBC\University\Course Materials\2nd year - Term 2\ELEC 291 - Electrical Engineering Design Studio\Project2ELEC291\JDY40 EFM8 Files\EFM8 Example Code\All_timers\All_timers.c:181: TMR0=0x10000L-(SYSCLK/(2*TIMER_0_FREQ));
011C 758A60     758            mov     _TMR0,#0x60
011F 758C73     759            mov     (_TMR0 >> 8),#0x73
0122            760   ;        C:\Users\flipa\OneDrive - UBC\University\Course Materials\2nd year - Term 2\ELEC 291 - Electrical Engineering Design Studio\Project2ELEC291\JDY40 EFM8 Files\EFM8 Example Code\All_timers\All_timers.c:182: TIMER_OUT_0=!TIMER_OUT_0;
0122 B2A0       761            cpl     _P2_0
0124 32         762            reti
0125            763   ;        eliminated unneeded push/pop psw
0125            764   ;        eliminated unneeded push/pop dpl
0125            765   ;        eliminated unneeded push/pop dph
0125            766   ;        eliminated unneeded push/pop b
0125            767   ;        eliminated unneeded push/pop acc
0125            768   ;------------------------------------------------------------
0125            769   ;Allocation info for local variables in function 'Timer1_ISR'
0125            770   ;------------------------------------------------------------
0125            771   ;------------------------------------------------------------
0125            772   ;        C:\Users\flipa\OneDrive - UBC\University\Course Materials\2nd year - Term 2\ELEC 291 - Electrical Engineering Design Studio\Project2ELEC291\JDY40 EFM8 Files\EFM8 Example Code\All_timers\All_timers.c:185: void Timer1_ISR (void) interrupt INTERRUPT_TIMER1
0125            773   ;        -----------------------------------------
0125            774   ;         function Timer1_ISR
0125            775   ;        -----------------------------------------
0125            776   _Timer1_ISR:
0125            777   ;        C:\Users\flipa\OneDrive - UBC\University\Course Materials\2nd year - Term 2\ELEC 291 - Electrical Engineering Design Studio\Project2ELEC291\JDY40 EFM8 Files\EFM8 Example Code\All_timers\All_timers.c:187: SFRPAGE=0x0;
0125 75A700     778            mov     _SFRPAGE,#0x00
0128            779   ;        C:\Users\flipa\OneDrive - UBC\University\Course Materials\2nd year - Term 2\ELEC 291 - Electrical Engineering Design Studio\Project2ELEC291\JDY40 EFM8 Files\EFM8 Example Code\All_timers\All_timers.c:189: TMR1=0x10000L-(SYSCLK/(2*TIMER_1_FREQ));
0128 758BB0     780            mov     _TMR1,#0xB0
012B 758DB9     781            mov     (_TMR1 >> 8),#0xB9
012E            782   ;        C:\Users\flipa\OneDrive - UBC\University\Course Materials\2nd year - Term 2\ELEC 291 - Electrical Engineering Design Studio\Project2ELEC291\JDY40 EFM8 Files\EFM8 Example Code\All_timers\All_timers.c:190: TIMER_OUT_1=!TIMER_OUT_1;
012E B297       783            cpl     _P1_7
0130 32         784            reti
0131            785   ;        eliminated unneeded push/pop psw
0131            786   ;        eliminated unneeded push/pop dpl
0131            787   ;        eliminated unneeded push/pop dph
0131            788   ;        eliminated unneeded push/pop b
0131            789   ;        eliminated unneeded push/pop acc
0131            790   ;------------------------------------------------------------
0131            791   ;Allocation info for local variables in function 'Timer2_ISR'
0131            792   ;------------------------------------------------------------
0131            793   ;------------------------------------------------------------
0131            794   ;        C:\Users\flipa\OneDrive - UBC\University\Course Materials\2nd year - Term 2\ELEC 291 - Electrical Engineering Design Studio\Project2ELEC291\JDY40 EFM8 Files\EFM8 Example Code\All_timers\All_timers.c:193: void Timer2_ISR (void) interrupt INTERRUPT_TIMER2
0131            795   ;        -----------------------------------------
0131            796   ;         function Timer2_ISR
0131            797   ;        -----------------------------------------
0131            798   _Timer2_ISR:
0131            799   ;        C:\Users\flipa\OneDrive - UBC\University\Course Materials\2nd year - Term 2\ELEC 291 - Electrical Engineering Design Studio\Project2ELEC291\JDY40 EFM8 Files\EFM8 Example Code\All_timers\All_timers.c:195: SFRPAGE=0x0;
0131 75A700     800            mov     _SFRPAGE,#0x00
0134            801   ;        C:\Users\flipa\OneDrive - UBC\University\Course Materials\2nd year - Term 2\ELEC 291 - Electrical Engineering Design Studio\Project2ELEC291\JDY40 EFM8 Files\EFM8 Example Code\All_timers\All_timers.c:196: TF2H = 0; // Clear Timer2 interrupt flag
0134 C2CF       802            clr     _TF2H
0136            803   ;        C:\Users\flipa\OneDrive - UBC\University\Course Materials\2nd year - Term 2\ELEC 291 - Electrical Engineering Design Studio\Project2ELEC291\JDY40 EFM8 Files\EFM8 Example Code\All_timers\All_timers.c:197: TIMER_OUT_2=!TIMER_OUT_2;
0136 B296       804            cpl     _P1_6
0138 32         805            reti
0139            806   ;        eliminated unneeded push/pop psw
0139            807   ;        eliminated unneeded push/pop dpl
0139            808   ;        eliminated unneeded push/pop dph
0139            809   ;        eliminated unneeded push/pop b
0139            810   ;        eliminated unneeded push/pop acc
0139            811   ;------------------------------------------------------------
0139            812   ;Allocation info for local variables in function 'Timer3_ISR'
0139            813   ;------------------------------------------------------------
0139            814   ;------------------------------------------------------------
0139            815   ;        C:\Users\flipa\OneDrive - UBC\University\Course Materials\2nd year - Term 2\ELEC 291 - Electrical Engineering Design Studio\Project2ELEC291\JDY40 EFM8 Files\EFM8 Example Code\All_timers\All_timers.c:200: void Timer3_ISR (void) interrupt INTERRUPT_TIMER3
0139            816   ;        -----------------------------------------
0139            817   ;         function Timer3_ISR
0139            818   ;        -----------------------------------------
0139            819   _Timer3_ISR:
0139            820   ;        C:\Users\flipa\OneDrive - UBC\University\Course Materials\2nd year - Term 2\ELEC 291 - Electrical Engineering Design Studio\Project2ELEC291\JDY40 EFM8 Files\EFM8 Example Code\All_timers\All_timers.c:202: SFRPAGE=0x0;
0139 75A700     821            mov     _SFRPAGE,#0x00
013C            822   ;        C:\Users\flipa\OneDrive - UBC\University\Course Materials\2nd year - Term 2\ELEC 291 - Electrical Engineering Design Studio\Project2ELEC291\JDY40 EFM8 Files\EFM8 Example Code\All_timers\All_timers.c:203: TMR3CN0&=0b_0011_1111; // Clear Timer3 interrupt flags
013C 53913F     823            anl     _TMR3CN0,#0x3F
013F            824   ;        C:\Users\flipa\OneDrive - UBC\University\Course Materials\2nd year - Term 2\ELEC 291 - Electrical Engineering Design Studio\Project2ELEC291\JDY40 EFM8 Files\EFM8 Example Code\All_timers\All_timers.c:204: TIMER_OUT_3=!TIMER_OUT_3;
013F B295       825            cpl     _P1_5
0141 32         826            reti
0142            827   ;        eliminated unneeded push/pop psw
0142            828   ;        eliminated unneeded push/pop dpl
0142            829   ;        eliminated unneeded push/pop dph
0142            830   ;        eliminated unneeded push/pop b
0142            831   ;        eliminated unneeded push/pop acc
0142            832   ;------------------------------------------------------------
0142            833   ;Allocation info for local variables in function 'Timer4_ISR'
0142            834   ;------------------------------------------------------------
0142            835   ;------------------------------------------------------------
0142            836   ;        C:\Users\flipa\OneDrive - UBC\University\Course Materials\2nd year - Term 2\ELEC 291 - Electrical Engineering Design Studio\Project2ELEC291\JDY40 EFM8 Files\EFM8 Example Code\All_timers\All_timers.c:207: void Timer4_ISR (void) interrupt INTERRUPT_TIMER4
0142            837   ;        -----------------------------------------
0142            838   ;         function Timer4_ISR
0142            839   ;        -----------------------------------------
0142            840   _Timer4_ISR:
0142            841   ;        C:\Users\flipa\OneDrive - UBC\University\Course Materials\2nd year - Term 2\ELEC 291 - Electrical Engineering Design Studio\Project2ELEC291\JDY40 EFM8 Files\EFM8 Example Code\All_timers\All_timers.c:209: SFRPAGE=0x10;
0142 75A710     842            mov     _SFRPAGE,#0x10
0145            843   ;        C:\Users\flipa\OneDrive - UBC\University\Course Materials\2nd year - Term 2\ELEC 291 - Electrical Engineering Design Studio\Project2ELEC291\JDY40 EFM8 Files\EFM8 Example Code\All_timers\All_timers.c:210: TF4H = 0; // Clear Timer4 interrupt flag
0145 C29F       844            clr     _TF4H
0147            845   ;        C:\Users\flipa\OneDrive - UBC\University\Course Materials\2nd year - Term 2\ELEC 291 - Electrical Engineering Design Studio\Project2ELEC291\JDY40 EFM8 Files\EFM8 Example Code\All_timers\All_timers.c:211: TIMER_OUT_4=!TIMER_OUT_4;
0147 B294       846            cpl     _P1_4
0149 32         847            reti
014A            848   ;        eliminated unneeded push/pop psw
014A            849   ;        eliminated unneeded push/pop dpl
014A            850   ;        eliminated unneeded push/pop dph
014A            851   ;        eliminated unneeded push/pop b
014A            852   ;        eliminated unneeded push/pop acc
014A            853   ;------------------------------------------------------------
014A            854   ;Allocation info for local variables in function 'Timer5_ISR'
014A            855   ;------------------------------------------------------------
014A            856   ;------------------------------------------------------------
014A            857   ;        C:\Users\flipa\OneDrive - UBC\University\Course Materials\2nd year - Term 2\ELEC 291 - Electrical Engineering Design Studio\Project2ELEC291\JDY40 EFM8 Files\EFM8 Example Code\All_timers\All_timers.c:214: void Timer5_ISR (void) interrupt INTERRUPT_TIMER5
014A            858   ;        -----------------------------------------
014A            859   ;         function Timer5_ISR
014A            860   ;        -----------------------------------------
014A            861   _Timer5_ISR:
014A            862   ;        C:\Users\flipa\OneDrive - UBC\University\Course Materials\2nd year - Term 2\ELEC 291 - Electrical Engineering Design Studio\Project2ELEC291\JDY40 EFM8 Files\EFM8 Example Code\All_timers\All_timers.c:216: SFRPAGE=0x10;
014A 75A710     863            mov     _SFRPAGE,#0x10
014D            864   ;        C:\Users\flipa\OneDrive - UBC\University\Course Materials\2nd year - Term 2\ELEC 291 - Electrical Engineering Design Studio\Project2ELEC291\JDY40 EFM8 Files\EFM8 Example Code\All_timers\All_timers.c:217: TF5H = 0; // Clear Timer5 interrupt flag
014D C2C7       865            clr     _TF5H
014F            866   ;        C:\Users\flipa\OneDrive - UBC\University\Course Materials\2nd year - Term 2\ELEC 291 - Electrical Engineering Design Studio\Project2ELEC291\JDY40 EFM8 Files\EFM8 Example Code\All_timers\All_timers.c:218: TIMER_OUT_5=!TIMER_OUT_5;
014F B282       867            cpl     _P0_2
0151 32         868            reti
0152            869   ;        eliminated unneeded push/pop psw
0152            870   ;        eliminated unneeded push/pop dpl
0152            871   ;        eliminated unneeded push/pop dph
0152            872   ;        eliminated unneeded push/pop b
0152            873   ;        eliminated unneeded push/pop acc
0152            874   ;------------------------------------------------------------
0152            875   ;Allocation info for local variables in function 'PCA_ISR'
0152            876   ;------------------------------------------------------------
0152            877   ;j                         Allocated to registers r2 r3 
0152            878   ;------------------------------------------------------------
0152            879   ;        C:\Users\flipa\OneDrive - UBC\University\Course Materials\2nd year - Term 2\ELEC 291 - Electrical Engineering Design Studio\Project2ELEC291\JDY40 EFM8 Files\EFM8 Example Code\All_timers\All_timers.c:221: void PCA_ISR (void) interrupt INTERRUPT_PCA0
0152            880   ;        -----------------------------------------
0152            881   ;         function PCA_ISR
0152            882   ;        -----------------------------------------
0152            883   _PCA_ISR:
0152 C0E0       884            push    acc
0154 C002       885            push    ar2
0156 C003       886            push    ar3
0158 C004       887            push    ar4
015A C005       888            push    ar5
015C C006       889            push    ar6
015E C007       890            push    ar7
0160 C0D0       891            push    psw
0162 75D000     892            mov     psw,#0x00
0165            893   ;        C:\Users\flipa\OneDrive - UBC\University\Course Materials\2nd year - Term 2\ELEC 291 - Electrical Engineering Design Studio\Project2ELEC291\JDY40 EFM8 Files\EFM8 Example Code\All_timers\All_timers.c:225: SFRPAGE=0x0;
0165 75A700     894            mov     _SFRPAGE,#0x00
0168            895   ;        C:\Users\flipa\OneDrive - UBC\University\Course Materials\2nd year - Term 2\ELEC 291 - Electrical Engineering Design Studio\Project2ELEC291\JDY40 EFM8 Files\EFM8 Example Code\All_timers\All_timers.c:227: if (CCF0)
0168 30D8D8     896            jnb     _CCF0,L009002?
016B            897   ;        C:\Users\flipa\OneDrive - UBC\University\Course Materials\2nd year - Term 2\ELEC 291 - Electrical Engineering Design Studio\Project2ELEC291\JDY40 EFM8 Files\EFM8 Example Code\All_timers\All_timers.c:229: j=(PCA0CPH0*0x100+PCA0CPL0)+(SYSCLK/(2L*PCA_0_FREQ));
016B ABFC       898            mov     r3,_PCA0CPH0
016D 7A00       899            mov     r2,#0x00
016F ACFB       900            mov     r4,_PCA0CPL0
0171 7D00       901            mov     r5,#0x00
0173 EC         902            mov     a,r4
0174 2A         903            add     a,r2
0175 FA         904            mov     r2,a
0176 ED         905            mov     a,r5
0177 3B         906            addc    a,r3
0178 FB         907            mov     r3,a
0179 33         908            rlc     a
017A 95E0       909            subb    a,acc
017C FC         910            mov     r4,a
017D FD         911            mov     r5,a
017E 7416       912            mov     a,#0x16
0180 2A         913            add     a,r2
0181 FA         914            mov     r2,a
0182 7414       915            mov     a,#0x14
0184 3B         916            addc    a,r3
0185 FB         917            mov     r3,a
0186 E4         918            clr     a
0187 3C         919            addc    a,r4
0188 E4         920            clr     a
0189 3D         921            addc    a,r5
018A            922   ;        C:\Users\flipa\OneDrive - UBC\University\Course Materials\2nd year - Term 2\ELEC 291 - Electrical Engineering Design Studio\Project2ELEC291\JDY40 EFM8 Files\EFM8 Example Code\All_timers\All_timers.c:230: PCA0CPL0=j%0x100; //Always write low byte first!
018A 8A04       923            mov     ar4,r2
018C 8CFB       924            mov     _PCA0CPL0,r4
018E            925   ;        C:\Users\flipa\OneDrive - UBC\University\Course Materials\2nd year - Term 2\ELEC 291 - Electrical Engineering Design Studio\Project2ELEC291\JDY40 EFM8 Files\EFM8 Example Code\All_timers\All_timers.c:231: PCA0CPH0=j/0x100;
018E 8B04       926            mov     ar4,r3
0190 7D00       927            mov     r5,#0x00
0192 8CFC       928            mov     _PCA0CPH0,r4
0194            929   ;        C:\Users\flipa\OneDrive - UBC\University\Course Materials\2nd year - Term 2\ELEC 291 - Electrical Engineering Design Studio\Project2ELEC291\JDY40 EFM8 Files\EFM8 Example Code\All_timers\All_timers.c:232: CCF0=0;
0194 C2D8       930            clr     _CCF0
0196            931   ;        C:\Users\flipa\OneDrive - UBC\University\Course Materials\2nd year - Term 2\ELEC 291 - Electrical Engineering Design Studio\Project2ELEC291\JDY40 EFM8 Files\EFM8 Example Code\All_timers\All_timers.c:233: PCA_OUT_0=!PCA_OUT_0;
0196 B292       932            cpl     _P1_2
0198            933   L009002?:
0198            934   ;        C:\Users\flipa\OneDrive - UBC\University\Course Materials\2nd year - Term 2\ELEC 291 - Electrical Engineering Design Studio\Project2ELEC291\JDY40 EFM8 Files\EFM8 Example Code\All_timers\All_timers.c:235: if (CCF1)
0198 30D918     935            jnb     _CCF1,L009004?
019B            936   ;        C:\Users\flipa\OneDrive - UBC\University\Course Materials\2nd year - Term 2\ELEC 291 - Electrical Engineering Design Studio\Project2ELEC291\JDY40 EFM8 Files\EFM8 Example Code\All_timers\All_timers.c:237: j=(PCA0CPH1*0x100+PCA0CPL1)+(SYSCLK/(2L*PCA_1_FREQ));
019B ADEA       937            mov     r5,_PCA0CPH1
019D 7C00       938            mov     r4,#0x00
019F AEE9       939            mov     r6,_PCA0CPL1
01A1 7F00       940            mov     r7,#0x00
01A3 EE         941            mov     a,r6
01A4 2C         942            add     a,r4
01A5 FC         943            mov     r4,a
01A6 EF         944            mov     a,r7
01A7 3D         945            addc    a,r5
01A8 FD         946            mov     r5,a
01A9 33         947            rlc     a
01AA 95E0       948            subb    a,acc
01AC FE         949            mov     r6,a
01AD FF         950            mov     r7,a
01AE 7494       951            mov     a,#0x94
01B0 2C         952            add     a,r4
01B1 FC         953            mov     r4,a
01B2 7411       954            mov     a,#0x11
01B4 3D         955            addc    a,r5
01B5 FD         956            mov     r5,a
01B6 E4         957            clr     a
01B7 3E         958            addc    a,r6
01B8 FE         959            mov     r6,a
01B9 E4         960            clr     a
01BA 3F         961            addc    a,r7
01BB FF         962            mov     r7,a
01BC 8C02       963            mov     ar2,r4
01BE 8D03       964            mov     ar3,r5
01C0            965   ;        C:\Users\flipa\OneDrive - UBC\University\Course Materials\2nd year - Term 2\ELEC 291 - Electrical Engineering Design Studio\Project2ELEC291\JDY40 EFM8 Files\EFM8 Example Code\All_timers\All_timers.c:238: PCA0CPL1=j%0x100; //Always write low byte first!
01C0 8A04       966            mov     ar4,r2
01C2 8CE9       967            mov     _PCA0CPL1,r4
01C4            968   ;        C:\Users\flipa\OneDrive - UBC\University\Course Materials\2nd year - Term 2\ELEC 291 - Electrical Engineering Design Studio\Project2ELEC291\JDY40 EFM8 Files\EFM8 Example Code\All_timers\All_timers.c:239: PCA0CPH1=j/0x100;
01C4 8B04       969            mov     ar4,r3
01C6 7D00       970            mov     r5,#0x00
01C8 8CEA       971            mov     _PCA0CPH1,r4
01CA            972   ;        C:\Users\flipa\OneDrive - UBC\University\Course Materials\2nd year - Term 2\ELEC 291 - Electrical Engineering Design Studio\Project2ELEC291\JDY40 EFM8 Files\EFM8 Example Code\All_timers\All_timers.c:240: CCF1=0;
01CA C2D9       973            clr     _CCF1
01CC            974   ;        C:\Users\flipa\OneDrive - UBC\University\Course Materials\2nd year - Term 2\ELEC 291 - Electrical Engineering Design Studio\Project2ELEC291\JDY40 EFM8 Files\EFM8 Example Code\All_timers\All_timers.c:241: PCA_OUT_1=!PCA_OUT_1;
01CC B291       975            cpl     _P1_1
01CE            976   L009004?:
01CE            977   ;        C:\Users\flipa\OneDrive - UBC\University\Course Materials\2nd year - Term 2\ELEC 291 - Electrical Engineering Design Studio\Project2ELEC291\JDY40 EFM8 Files\EFM8 Example Code\All_timers\All_timers.c:243: if (CCF2)
01CE 30DA58     978            jnb     _CCF2,L009006?
01D1            979   ;        C:\Users\flipa\OneDrive - UBC\University\Course Materials\2nd year - Term 2\ELEC 291 - Electrical Engineering Design Studio\Project2ELEC291\JDY40 EFM8 Files\EFM8 Example Code\All_timers\All_timers.c:245: j=(PCA0CPH2*0x100+PCA0CPL2)+(SYSCLK/(2L*PCA_2_FREQ));
01D1 ADEC       980            mov     r5,_PCA0CPH2
01D3 7C00       981            mov     r4,#0x00
01D5 AEEB       982            mov     r6,_PCA0CPL2
01D7 7F00       983            mov     r7,#0x00
01D9 EE         984            mov     a,r6
01DA 2C         985            add     a,r4
01DB FC         986            mov     r4,a
01DC EF         987            mov     a,r7
01DD 3D         988            addc    a,r5
01DE FD         989            mov     r5,a
01DF 33         990            rlc     a
01E0 95E0       991            subb    a,acc
01E2 FE         992            mov     r6,a
01E3 FF         993            mov     r7,a
01E4 74A0       994            mov     a,#0xA0
01E6 2C         995            add     a,r4
01E7 FC         996            mov     r4,a
01E8 740F       997            mov     a,#0x0F
01EA 3D         998            addc    a,r5
01EB FD         999            mov     r5,a
01EC E4        1000            clr     a
01ED 3E        1001            addc    a,r6
01EE FE        1002            mov     r6,a
01EF E4        1003            clr     a
01F0 3F        1004            addc    a,r7
01F1 FF        1005            mov     r7,a
01F2 8C02      1006            mov     ar2,r4
01F4 8D03      1007            mov     ar3,r5
01F6           1008   ;        C:\Users\flipa\OneDrive - UBC\University\Course Materials\2nd year - Term 2\ELEC 291 - Electrical Engineering Design Studio\Project2ELEC291\JDY40 EFM8 Files\EFM8 Example Code\All_timers\All_timers.c:246: PCA0CPL2=j%0x100; //Always write low byte first!
01F6 8A04      1009            mov     ar4,r2
01F8 8CEB      1010            mov     _PCA0CPL2,r4
01FA           1011   ;        C:\Users\flipa\OneDrive - UBC\University\Course Materials\2nd year - Term 2\ELEC 291 - Electrical Engineering Design Studio\Project2ELEC291\JDY40 EFM8 Files\EFM8 Example Code\All_timers\All_timers.c:247: PCA0CPH2=j/0x100;
01FA 8B04      1012            mov     ar4,r3
01FC 7D00      1013            mov     r5,#0x00
01FE 8CEC      1014            mov     _PCA0CPH2,r4
0200           1015   ;        C:\Users\flipa\OneDrive - UBC\University\Course Materials\2nd year - Term 2\ELEC 291 - Electrical Engineering Design Studio\Project2ELEC291\JDY40 EFM8 Files\EFM8 Example Code\All_timers\All_timers.c:248: CCF2=0;
0200 C2DA      1016            clr     _CCF2
0202           1017   ;        C:\Users\flipa\OneDrive - UBC\University\Course Materials\2nd year - Term 2\ELEC 291 - Electrical Engineering Design Studio\Project2ELEC291\JDY40 EFM8 Files\EFM8 Example Code\All_timers\All_timers.c:249: PCA_OUT_2=!PCA_OUT_2;
0202 B290      1018            cpl     _P1_0
0204           1019   L009006?:
0204           1020   ;        C:\Users\flipa\OneDrive - UBC\University\Course Materials\2nd year - Term 2\ELEC 291 - Electrical Engineering Design Studio\Project2ELEC291\JDY40 EFM8 Files\EFM8 Example Code\All_timers\All_timers.c:251: if (CCF3)
0204 30DB98    1021            jnb     _CCF3,L009008?
0207           1022   ;        C:\Users\flipa\OneDrive - UBC\University\Course Materials\2nd year - Term 2\ELEC 291 - Electrical Engineering Design Studio\Project2ELEC291\JDY40 EFM8 Files\EFM8 Example Code\All_timers\All_timers.c:253: j=(PCA0CPH3*0x100+PCA0CPL3)+(SYSCLK/(2L*PCA_3_FREQ));
0207 ADF5      1023            mov     r5,_PCA0CPH3
0209 7C00      1024            mov     r4,#0x00
020B AEF4      1025            mov     r6,_PCA0CPL3
020D 7F00      1026            mov     r7,#0x00
020F EE        1027            mov     a,r6
0210 2C        1028            add     a,r4
0211 FC        1029            mov     r4,a
0212 EF        1030            mov     a,r7
0213 3D        1031            addc    a,r5
0214 FD        1032            mov     r5,a
0215 33        1033            rlc     a
0216 95E0      1034            subb    a,acc
0218 FE        1035            mov     r6,a
0219 FF        1036            mov     r7,a
021A 7410      1037            mov     a,#0x10
021C 2C        1038            add     a,r4
021D FC        1039            mov     r4,a
021E 740E      1040            mov     a,#0x0E
0220 3D        1041            addc    a,r5
0221 FD        1042            mov     r5,a
0222 E4        1043            clr     a
0223 3E        1044            addc    a,r6
0224 FE        1045            mov     r6,a
0225 E4        1046            clr     a
0226 3F        1047            addc    a,r7
0227 FF        1048            mov     r7,a
0228 8C02      1049            mov     ar2,r4
022A 8D03      1050            mov     ar3,r5
022C           1051   ;        C:\Users\flipa\OneDrive - UBC\University\Course Materials\2nd year - Term 2\ELEC 291 - Electrical Engineering Design Studio\Project2ELEC291\JDY40 EFM8 Files\EFM8 Example Code\All_timers\All_timers.c:254: PCA0CPL3=j%0x100; //Always write low byte first!
022C 8A04      1052            mov     ar4,r2
022E 8CF4      1053            mov     _PCA0CPL3,r4
0230           1054   ;        C:\Users\flipa\OneDrive - UBC\University\Course Materials\2nd year - Term 2\ELEC 291 - Electrical Engineering Design Studio\Project2ELEC291\JDY40 EFM8 Files\EFM8 Example Code\All_timers\All_timers.c:255: PCA0CPH3=j/0x100;
0230 8B04      1055            mov     ar4,r3
0232 7D00      1056            mov     r5,#0x00
0234 8CF5      1057            mov     _PCA0CPH3,r4
0236           1058   ;        C:\Users\flipa\OneDrive - UBC\University\Course Materials\2nd year - Term 2\ELEC 291 - Electrical Engineering Design Studio\Project2ELEC291\JDY40 EFM8 Files\EFM8 Example Code\All_timers\All_timers.c:256: CCF3=0;
0236 C2DB      1059            clr     _CCF3
0238           1060   ;        C:\Users\flipa\OneDrive - UBC\University\Course Materials\2nd year - Term 2\ELEC 291 - Electrical Engineering Design Studio\Project2ELEC291\JDY40 EFM8 Files\EFM8 Example Code\All_timers\All_timers.c:257: PCA_OUT_3=!PCA_OUT_3;
0238 B287      1061            cpl     _P0_7
023A           1062   L009008?:
023A           1063   ;        C:\Users\flipa\OneDrive - UBC\University\Course Materials\2nd year - Term 2\ELEC 291 - Electrical Engineering Design Studio\Project2ELEC291\JDY40 EFM8 Files\EFM8 Example Code\All_timers\All_timers.c:259: if (CCF4)
023A 30DCD8    1064            jnb     _CCF4,L009010?
023D           1065   ;        C:\Users\flipa\OneDrive - UBC\University\Course Materials\2nd year - Term 2\ELEC 291 - Electrical Engineering Design Studio\Project2ELEC291\JDY40 EFM8 Files\EFM8 Example Code\All_timers\All_timers.c:261: j=(PCA0CPH4*0x100+PCA0CPL4)+(SYSCLK/(2L*PCA_4_FREQ));
023D AD85      1066            mov     r5,_PCA0CPH4
023F 7C00      1067            mov     r4,#0x00
0241 AE84      1068            mov     r6,_PCA0CPL4
0243 7F00      1069            mov     r7,#0x00
0245 EE        1070            mov     a,r6
0246 2C        1071            add     a,r4
0247 FC        1072            mov     r4,a
0248 EF        1073            mov     a,r7
0249 3D        1074            addc    a,r5
024A FD        1075            mov     r5,a
024B 33        1076            rlc     a
024C 95E0      1077            subb    a,acc
024E FE        1078            mov     r6,a
024F FF        1079            mov     r7,a
0250 74C8      1080            mov     a,#0xC8
0252 2C        1081            add     a,r4
0253 FC        1082            mov     r4,a
0254 740C      1083            mov     a,#0x0C
0256 3D        1084            addc    a,r5
0257 FD        1085            mov     r5,a
0258 E4        1086            clr     a
0259 3E        1087            addc    a,r6
025A FE        1088            mov     r6,a
025B E4        1089            clr     a
025C 3F        1090            addc    a,r7
025D FF        1091            mov     r7,a
025E 8C02      1092            mov     ar2,r4
0260 8D03      1093            mov     ar3,r5
0262           1094   ;        C:\Users\flipa\OneDrive - UBC\University\Course Materials\2nd year - Term 2\ELEC 291 - Electrical Engineering Design Studio\Project2ELEC291\JDY40 EFM8 Files\EFM8 Example Code\All_timers\All_timers.c:262: PCA0CPL4=j%0x100; //Always write low byte first!
0262 8A04      1095            mov     ar4,r2
0264 7D00      1096            mov     r5,#0x00
0266 8C84      1097            mov     _PCA0CPL4,r4
0268           1098   ;        C:\Users\flipa\OneDrive - UBC\University\Course Materials\2nd year - Term 2\ELEC 291 - Electrical Engineering Design Studio\Project2ELEC291\JDY40 EFM8 Files\EFM8 Example Code\All_timers\All_timers.c:263: PCA0CPH4=j/0x100;
0268 8B02      1099            mov     ar2,r3
026A 7B00      1100            mov     r3,#0x00
026C 8A85      1101            mov     _PCA0CPH4,r2
026E           1102   ;        C:\Users\flipa\OneDrive - UBC\University\Course Materials\2nd year - Term 2\ELEC 291 - Electrical Engineering Design Studio\Project2ELEC291\JDY40 EFM8 Files\EFM8 Example Code\All_timers\All_timers.c:264: CCF4=0;
026E C2DC      1103            clr     _CCF4
0270           1104   ;        C:\Users\flipa\OneDrive - UBC\University\Course Materials\2nd year - Term 2\ELEC 291 - Electrical Engineering Design Studio\Project2ELEC291\JDY40 EFM8 Files\EFM8 Example Code\All_timers\All_timers.c:265: PCA_OUT_4=!PCA_OUT_4;
0270 B286      1105            cpl     _P0_6
0272           1106   L009010?:
0272           1107   ;        C:\Users\flipa\OneDrive - UBC\University\Course Materials\2nd year - Term 2\ELEC 291 - Electrical Engineering Design Studio\Project2ELEC291\JDY40 EFM8 Files\EFM8 Example Code\All_timers\All_timers.c:268: CF=0;
0272 C2DF      1108            clr     _CF
0274 D0D0      1109            pop     psw
0276 D007      1110            pop     ar7
0278 D006      1111            pop     ar6
027A D005      1112            pop     ar5
027C D004      1113            pop     ar4
027E D003      1114            pop     ar3
0280 D002      1115            pop     ar2
0282 D0E0      1116            pop     acc
0284 32        1117            reti
0285           1118   ;        eliminated unneeded push/pop dpl
0285           1119   ;        eliminated unneeded push/pop dph
0285           1120   ;        eliminated unneeded push/pop b
0285           1121   ;------------------------------------------------------------
0285           1122   ;Allocation info for local variables in function 'main'
0285           1123   ;------------------------------------------------------------
0285           1124   ;j                         Allocated to registers r2 r3 
0285           1125   ;------------------------------------------------------------
0285           1126   ;        C:\Users\flipa\OneDrive - UBC\University\Course Materials\2nd year - Term 2\ELEC 291 - Electrical Engineering Design Studio\Project2ELEC291\JDY40 EFM8 Files\EFM8 Example Code\All_timers\All_timers.c:271: void main (void)
0285           1127   ;        -----------------------------------------
0285           1128   ;         function main
0285           1129   ;        -----------------------------------------
0285           1130   _main:
0285           1131   ;        C:\Users\flipa\OneDrive - UBC\University\Course Materials\2nd year - Term 2\ELEC 291 - Electrical Engineering Design Studio\Project2ELEC291\JDY40 EFM8 Files\EFM8 Example Code\All_timers\All_timers.c:274: while(1)
0285           1132   L010002?:
0285           1133   ;        C:\Users\flipa\OneDrive - UBC\University\Course Materials\2nd year - Term 2\ELEC 291 - Electrical Engineering Design Studio\Project2ELEC291\JDY40 EFM8 Files\EFM8 Example Code\All_timers\All_timers.c:277: MAIN_OUT=!MAIN_OUT;
0285 B281      1134            cpl     _P0_1
0287           1135   ;        C:\Users\flipa\OneDrive - UBC\University\Course Materials\2nd year - Term 2\ELEC 291 - Electrical Engineering Design Studio\Project2ELEC291\JDY40 EFM8 Files\EFM8 Example Code\All_timers\All_timers.c:278: for (j=0; j<1000; j++);
0287 7AE8      1136            mov     r2,#0xE8
0289 7B03      1137            mov     r3,#0x03
028B           1138   L010006?:
028B 1A        1139            dec     r2
028C BAFF98    1140            cjne    r2,#0xff,L010013?
028F 1B        1141            dec     r3
0290           1142   L010013?:
0290 EA        1143            mov     a,r2
0291 4B        1144            orl     a,r3
0292 7000      1145            jnz     L010006?
0294 8000      1146            sjmp    L010002?
0296           1147            rseg R_CSEG
0296           1148   
0000           1149            rseg R_XINIT
0000           1150   
0000           1151            rseg R_CONST
0000           1152   
0096           1153            CSEG
0096           1154   
0096           1155   end
